m:\users\trimaplenut\documents\staffs uni\games programming\gec\sem 2\mariogame\mariogame\debug\vc142.pdb
m:\users\trimaplenut\documents\staffs uni\games programming\gec\sem 2\mariogame\mariogame\debug\vc142.idb
m:\users\trimaplenut\documents\staffs uni\games programming\gec\sem 2\mariogame\mariogame\debug\texture2d.obj
m:\users\trimaplenut\documents\staffs uni\games programming\gec\sem 2\mariogame\mariogame\debug\soundeffect.obj
m:\users\trimaplenut\documents\staffs uni\games programming\gec\sem 2\mariogame\mariogame\debug\powblock.obj
m:\users\trimaplenut\documents\staffs uni\games programming\gec\sem 2\mariogame\mariogame\debug\main.obj
m:\users\trimaplenut\documents\staffs uni\games programming\gec\sem 2\mariogame\mariogame\debug\levelmap.obj
m:\users\trimaplenut\documents\staffs uni\games programming\gec\sem 2\mariogame\mariogame\debug\gamescreenmenu.obj
m:\users\trimaplenut\documents\staffs uni\games programming\gec\sem 2\mariogame\mariogame\debug\gamescreenmanager.obj
m:\users\trimaplenut\documents\staffs uni\games programming\gec\sem 2\mariogame\mariogame\debug\gamescreenlevel2.obj
m:\users\trimaplenut\documents\staffs uni\games programming\gec\sem 2\mariogame\mariogame\debug\gamescreenlevel1.obj
m:\users\trimaplenut\documents\staffs uni\games programming\gec\sem 2\mariogame\mariogame\debug\gamescreenintro.obj
m:\users\trimaplenut\documents\staffs uni\games programming\gec\sem 2\mariogame\mariogame\debug\gamescreenhighscores.obj
m:\users\trimaplenut\documents\staffs uni\games programming\gec\sem 2\mariogame\mariogame\debug\gamescreengameover.obj
m:\users\trimaplenut\documents\staffs uni\games programming\gec\sem 2\mariogame\mariogame\debug\gamescreen.obj
m:\users\trimaplenut\documents\staffs uni\games programming\gec\sem 2\mariogame\mariogame\debug\collisions.obj
m:\users\trimaplenut\documents\staffs uni\games programming\gec\sem 2\mariogame\mariogame\debug\charactermario.obj
m:\users\trimaplenut\documents\staffs uni\games programming\gec\sem 2\mariogame\mariogame\debug\characterluigi.obj
m:\users\trimaplenut\documents\staffs uni\games programming\gec\sem 2\mariogame\mariogame\debug\character.obj
m:\users\trimaplenut\documents\staffs uni\games programming\gec\sem 2\mariogame\mariogame\debug\characterkoopa.obj
m:\users\trimaplenut\documents\staffs uni\games programming\gec\sem 2\mariogame\debug\mariogame.exe
m:\users\trimaplenut\documents\staffs uni\games programming\gec\sem 2\mariogame\debug\mariogame.ilk
m:\users\trimaplenut\documents\staffs uni\games programming\gec\sem 2\mariogame\debug\mariogame.pdb
m:\users\trimaplenut\documents\staffs uni\games programming\gec\sem 2\mariogame\mariogame\debug\mariogame.tlog\cl.command.1.tlog
m:\users\trimaplenut\documents\staffs uni\games programming\gec\sem 2\mariogame\mariogame\debug\mariogame.tlog\cl.read.1.tlog
m:\users\trimaplenut\documents\staffs uni\games programming\gec\sem 2\mariogame\mariogame\debug\mariogame.tlog\cl.write.1.tlog
m:\users\trimaplenut\documents\staffs uni\games programming\gec\sem 2\mariogame\mariogame\debug\mariogame.tlog\link.46444-cvtres.read.1.tlog
m:\users\trimaplenut\documents\staffs uni\games programming\gec\sem 2\mariogame\mariogame\debug\mariogame.tlog\link.46444-cvtres.write.1.tlog
m:\users\trimaplenut\documents\staffs uni\games programming\gec\sem 2\mariogame\mariogame\debug\mariogame.tlog\link.46444-rc.read.1.tlog
m:\users\trimaplenut\documents\staffs uni\games programming\gec\sem 2\mariogame\mariogame\debug\mariogame.tlog\link.46444-rc.write.1.tlog
m:\users\trimaplenut\documents\staffs uni\games programming\gec\sem 2\mariogame\mariogame\debug\mariogame.tlog\link.46444.read.1.tlog
m:\users\trimaplenut\documents\staffs uni\games programming\gec\sem 2\mariogame\mariogame\debug\mariogame.tlog\link.46444.write.1.tlog
m:\users\trimaplenut\documents\staffs uni\games programming\gec\sem 2\mariogame\mariogame\debug\mariogame.tlog\link.command.1.tlog
m:\users\trimaplenut\documents\staffs uni\games programming\gec\sem 2\mariogame\mariogame\debug\mariogame.tlog\link.read.1.tlog
m:\users\trimaplenut\documents\staffs uni\games programming\gec\sem 2\mariogame\mariogame\debug\mariogame.tlog\link.write.1.tlog
