  Character.cpp
C:\Users\e015570i\OneDrive - Staffordshire University\Games Programming\Semester 2\GEC\MarioGame\MarioGame\Character.h(2): fatal error C1083: Cannot open include file: 'SDL.h': No such file or directory
  CharacterLuigi.cpp
C:\Users\e015570i\OneDrive - Staffordshire University\Games Programming\Semester 2\GEC\MarioGame\MarioGame\Character.h(2): fatal error C1083: Cannot open include file: 'SDL.h': No such file or directory
  CharacterMario.cpp
C:\Users\e015570i\OneDrive - Staffordshire University\Games Programming\Semester 2\GEC\MarioGame\MarioGame\Character.h(2): fatal error C1083: Cannot open include file: 'SDL.h': No such file or directory
  Collisions.cpp
C:\Users\e015570i\OneDrive - Staffordshire University\Games Programming\Semester 2\GEC\MarioGame\MarioGame\Character.h(2): fatal error C1083: Cannot open include file: 'SDL.h': No such file or directory
  GameScreen.cpp
C:\Users\e015570i\OneDrive - Staffordshire University\Games Programming\Semester 2\GEC\MarioGame\MarioGame\GameScreen.h(2): fatal error C1083: Cannot open include file: 'SDL.h': No such file or directory
  GameScreenIntro.cpp
C:\Users\e015570i\OneDrive - Staffordshire University\Games Programming\Semester 2\GEC\MarioGame\MarioGame\GameScreenIntro.h(2): fatal error C1083: Cannot open include file: 'SDL.h': No such file or directory
  GameScreenLevel1.cpp
C:\Users\e015570i\OneDrive - Staffordshire University\Games Programming\Semester 2\GEC\MarioGame\MarioGame\GameScreenLevel1.h(2): fatal error C1083: Cannot open include file: 'SDL.h': No such file or directory
  GameScreenManager.cpp
C:\Users\e015570i\OneDrive - Staffordshire University\Games Programming\Semester 2\GEC\MarioGame\MarioGame\GameScreenManager.h(2): fatal error C1083: Cannot open include file: 'SDL.h': No such file or directory
  LevelMap.cpp
  Main.cpp
C:\Users\e015570i\OneDrive - Staffordshire University\Games Programming\Semester 2\GEC\MarioGame\MarioGame\Main.cpp(1): fatal error C1083: Cannot open include file: 'SDL.h': No such file or directory
  Texture2D.cpp
C:\Users\e015570i\OneDrive - Staffordshire University\Games Programming\Semester 2\GEC\MarioGame\MarioGame\Texture2D.h(5): fatal error C1083: Cannot open include file: 'SDL.h': No such file or directory
  Generating Code...
